[2017-09-05 15:40:52,666][INFO][poi_log][crawl_anjuke_second_hand_community_raw_data][city : 重庆 ][gross anjuke second hand data : 350]
[2017-09-05 15:40:54,223][INFO][poi_log][crawl_anjuke_new_community_raw_data][city : 重庆 ][gross anjuke new community data : 54]
[2017-09-05 15:40:59,732][INFO][poi_log][crawl_lianjia_second_hand_community_raw_data][city : 重庆 ][gross lianjia second hand data : 201]
[2017-09-05 15:41:02,020][INFO][poi_log][crawl_lianjia_new_community_raw_data][city : 重庆 ][gross lianjia new community data : 722]
[2017-09-05 15:41:19,352][INFO][poi_log][crawl_baidu_raw_data][city : 重庆 ][gross baidu poi data : 6257]
[2017-09-05 15:42:35,159][INFO][poi_log][crawl_fangtianxia_parcel_raw_data][city : 重庆 ][gross anjuke new community data : 1020]
[2017-09-05 15:42:38,183][INFO][poi_log][crawl_anjuke_second_hand_community_raw_data][city : 北京 ][gross anjuke second hand data : 281]
[2017-09-05 15:42:39,810][INFO][poi_log][crawl_anjuke_new_community_raw_data][city : 北京 ][gross anjuke new community data : 6]
[2017-09-05 15:42:42,596][INFO][poi_log][crawl_lianjia_second_hand_community_raw_data][city : 北京 ][gross lianjia second hand data : 84]
[2017-09-05 15:42:43,371][INFO][poi_log][crawl_lianjia_new_community_raw_data][city : 北京 ][gross lianjia new community data : 305]
[2017-09-05 15:42:59,412][INFO][poi_log][crawl_baidu_raw_data][city : 北京 ][gross baidu poi data : 8017]
[2017-09-05 15:44:10,669][INFO][poi_log][crawl_fangtianxia_parcel_raw_data][city : 北京 ][gross anjuke new community data : 1020]
[2017-09-05 15:44:14,579][INFO][poi_log][crawl_anjuke_second_hand_community_raw_data][city : 上海 ][gross anjuke second hand data : 1021]
[2017-09-05 15:44:16,004][INFO][poi_log][crawl_anjuke_new_community_raw_data][city : 上海 ][gross anjuke new community data : 27]
[2017-09-05 15:44:17,843][INFO][poi_log][crawl_lianjia_second_hand_community_raw_data][city : 上海 ][gross lianjia second hand data : 490]
[2017-09-05 15:44:18,300][INFO][poi_log][crawl_lianjia_new_community_raw_data][city : 上海 ][gross lianjia new community data : 344]
[2017-09-05 15:44:37,835][INFO][poi_log][crawl_baidu_raw_data][city : 上海 ][gross baidu poi data : 12128]
[2017-09-05 15:45:50,695][INFO][poi_log][crawl_fangtianxia_parcel_raw_data][city : 上海 ][gross anjuke new community data : 1020]
[2017-09-05 15:45:53,098][INFO][poi_log][crawl_anjuke_second_hand_community_raw_data][city : 广州 ][gross anjuke second hand data : 1081]
[2017-09-05 15:45:54,533][INFO][poi_log][crawl_anjuke_new_community_raw_data][city : 广州 ][gross anjuke new community data : 52]
[2017-09-05 15:45:56,881][INFO][poi_log][crawl_lianjia_second_hand_community_raw_data][city : 广州 ][gross lianjia second hand data : 556]
[2017-09-05 15:45:59,018][INFO][poi_log][crawl_lianjia_new_community_raw_data][city : 广州 ][gross lianjia new community data : 637]
[2017-09-05 15:46:16,642][INFO][poi_log][crawl_baidu_raw_data][city : 广州 ][gross baidu poi data : 10337]
[2017-09-05 15:47:27,038][INFO][poi_log][crawl_fangtianxia_parcel_raw_data][city : 广州 ][gross anjuke new community data : 1020]
[2017-09-05 15:47:29,206][INFO][poi_log][crawl_anjuke_second_hand_community_raw_data][city : 深圳 ][gross anjuke second hand data : 246]
[2017-09-05 15:47:30,741][INFO][poi_log][crawl_anjuke_new_community_raw_data][city : 深圳 ][gross anjuke new community data : 14]
[2017-09-05 15:47:33,418][INFO][poi_log][crawl_lianjia_second_hand_community_raw_data][city : 深圳 ][gross lianjia second hand data : 171]
[2017-09-05 15:47:34,740][INFO][poi_log][crawl_lianjia_new_community_raw_data][city : 深圳 ][gross lianjia new community data : 638]
[2017-09-05 15:47:49,709][INFO][poi_log][crawl_baidu_raw_data][city : 深圳 ][gross baidu poi data : 7646]
[2017-09-05 15:49:14,685][INFO][poi_log][crawl_fangtianxia_parcel_raw_data][city : 深圳 ][gross anjuke new community data : 1020]
[2017-09-05 15:49:18,777][INFO][poi_log][crawl_anjuke_second_hand_community_raw_data][city : 天津 ][gross anjuke second hand data : 571]
[2017-09-05 15:49:32,147][INFO][poi_log][crawl_anjuke_new_community_raw_data][city : 天津 ][gross anjuke new community data : 68]
[2017-09-05 15:49:40,805][INFO][poi_log][crawl_lianjia_second_hand_community_raw_data][city : 天津 ][gross lianjia second hand data : 557]
[2017-09-05 15:49:42,269][INFO][poi_log][crawl_lianjia_new_community_raw_data][city : 天津 ][gross lianjia new community data : 403]
[2017-09-05 15:50:00,001][INFO][poi_log][crawl_baidu_raw_data][city : 天津 ][gross baidu poi data : 7369]
[2017-09-05 15:51:14,803][INFO][poi_log][crawl_fangtianxia_parcel_raw_data][city : 天津 ][gross anjuke new community data : 1020]
[2017-09-05 15:51:17,990][INFO][poi_log][crawl_anjuke_second_hand_community_raw_data][city : 成都 ][gross anjuke second hand data : 735]
[2017-09-05 15:51:20,590][INFO][poi_log][crawl_anjuke_new_community_raw_data][city : 成都 ][gross anjuke new community data : 35]
[2017-09-05 15:51:24,634][INFO][poi_log][crawl_lianjia_second_hand_community_raw_data][city : 成都 ][gross lianjia second hand data : 588]
[2017-09-05 15:51:26,278][INFO][poi_log][crawl_lianjia_new_community_raw_data][city : 成都 ][gross lianjia new community data : 819]
[2017-09-05 15:51:49,959][INFO][poi_log][crawl_baidu_raw_data][city : 成都 ][gross baidu poi data : 13219]
[2017-09-05 15:53:14,644][INFO][poi_log][crawl_fangtianxia_parcel_raw_data][city : 成都 ][gross anjuke new community data : 1020]
[2017-09-05 15:53:17,218][INFO][poi_log][crawl_anjuke_second_hand_community_raw_data][city : 长沙 ][gross anjuke second hand data : 464]
[2017-09-05 15:53:18,734][INFO][poi_log][crawl_anjuke_new_community_raw_data][city : 长沙 ][gross anjuke new community data : 90]
[2017-09-05 15:53:21,456][INFO][poi_log][crawl_lianjia_second_hand_community_raw_data][city : 长沙 ][gross lianjia second hand data : 77]
[2017-09-05 15:53:23,187][INFO][poi_log][crawl_lianjia_new_community_raw_data][city : 长沙 ][gross lianjia new community data : 319]
[2017-09-05 15:53:39,399][INFO][poi_log][crawl_baidu_raw_data][city : 长沙 ][gross baidu poi data : 7710]
[2017-09-05 15:54:57,773][INFO][poi_log][crawl_fangtianxia_parcel_raw_data][city : 长沙 ][gross anjuke new community data : 1020]
[2017-09-05 15:55:00,144][INFO][poi_log][crawl_anjuke_second_hand_community_raw_data][city : 南京 ][gross anjuke second hand data : 811]
[2017-09-05 15:55:01,570][INFO][poi_log][crawl_anjuke_new_community_raw_data][city : 南京 ][gross anjuke new community data : 26]
[2017-09-05 15:55:05,991][INFO][poi_log][crawl_lianjia_second_hand_community_raw_data][city : 南京 ][gross lianjia second hand data : 569]
[2017-09-05 15:55:07,132][INFO][poi_log][crawl_lianjia_new_community_raw_data][city : 南京 ][gross lianjia new community data : 330]
[2017-09-05 15:55:24,656][INFO][poi_log][crawl_baidu_raw_data][city : 南京 ][gross baidu poi data : 10825]
[2017-09-05 15:56:43,960][INFO][poi_log][crawl_fangtianxia_parcel_raw_data][city : 南京 ][gross anjuke new community data : 1020]
[2017-09-05 15:56:45,699][INFO][poi_log][crawl_anjuke_second_hand_community_raw_data][city : 杭州 ][gross anjuke second hand data : 202]
[2017-09-05 15:56:47,043][INFO][poi_log][crawl_anjuke_new_community_raw_data][city : 杭州 ][gross anjuke new community data : 38]
[2017-09-05 15:56:50,772][INFO][poi_log][crawl_lianjia_second_hand_community_raw_data][city : 杭州 ][gross lianjia second hand data : 114]
[2017-09-05 15:56:51,482][INFO][poi_log][crawl_lianjia_new_community_raw_data][city : 杭州 ][gross lianjia new community data : 346]
[2017-09-05 15:57:01,897][INFO][poi_log][crawl_baidu_raw_data][city : 杭州 ][gross baidu poi data : 3478]
