[2017-09-04 18:36:50,292][INFO][poi_log][crawl_anjuke_second_hand_community_raw_data][city : 重庆 ][gross anjuke second hand data : 348]
[2017-09-04 18:36:51,742][INFO][poi_log][crawl_anjuke_new_community_raw_data][city : 重庆 ][gross anjuke new community data : 54]
[2017-09-04 18:36:53,273][INFO][poi_log][crawl_anjuke_second_hand_community_raw_data][city : 北京 ][gross anjuke second hand data : 282]
[2017-09-04 18:36:54,594][INFO][poi_log][crawl_anjuke_new_community_raw_data][city : 北京 ][gross anjuke new community data : 6]
[2017-09-04 18:36:56,733][INFO][poi_log][crawl_anjuke_second_hand_community_raw_data][city : 上海 ][gross anjuke second hand data : 1018]
[2017-09-04 18:36:58,229][INFO][poi_log][crawl_anjuke_new_community_raw_data][city : 上海 ][gross anjuke new community data : 27]
[2017-09-04 18:37:01,052][INFO][poi_log][crawl_anjuke_second_hand_community_raw_data][city : 广州 ][gross anjuke second hand data : 1083]
[2017-09-04 18:37:02,409][INFO][poi_log][crawl_anjuke_new_community_raw_data][city : 广州 ][gross anjuke new community data : 52]
[2017-09-04 18:37:04,035][INFO][poi_log][crawl_anjuke_second_hand_community_raw_data][city : 深圳 ][gross anjuke second hand data : 248]
[2017-09-04 18:37:05,606][INFO][poi_log][crawl_anjuke_new_community_raw_data][city : 深圳 ][gross anjuke new community data : 14]
[2017-09-04 18:37:07,123][INFO][poi_log][crawl_anjuke_second_hand_community_raw_data][city : 天津 ][gross anjuke second hand data : 570]
[2017-09-04 18:37:08,450][INFO][poi_log][crawl_anjuke_new_community_raw_data][city : 天津 ][gross anjuke new community data : 68]
[2017-09-04 18:37:30,521][INFO][poi_log][crawl_anjuke_second_hand_community_raw_data][city : 成都 ][gross anjuke second hand data : 741]
[2017-09-04 18:37:32,488][INFO][poi_log][crawl_anjuke_new_community_raw_data][city : 成都 ][gross anjuke new community data : 35]
[2017-09-04 18:37:34,376][INFO][poi_log][crawl_anjuke_second_hand_community_raw_data][city : 长沙 ][gross anjuke second hand data : 465]
[2017-09-04 18:37:36,189][INFO][poi_log][crawl_anjuke_new_community_raw_data][city : 长沙 ][gross anjuke new community data : 90]
[2017-09-04 18:37:37,958][INFO][poi_log][crawl_anjuke_second_hand_community_raw_data][city : 南京 ][gross anjuke second hand data : 816]
[2017-09-04 18:37:39,365][INFO][poi_log][crawl_anjuke_new_community_raw_data][city : 南京 ][gross anjuke new community data : 26]
[2017-09-04 18:37:41,078][INFO][poi_log][crawl_anjuke_second_hand_community_raw_data][city : 杭州 ][gross anjuke second hand data : 201]
[2017-09-04 18:37:42,676][INFO][poi_log][crawl_anjuke_new_community_raw_data][city : 杭州 ][gross anjuke new community data : 38]
[2017-09-04 18:39:34,087][INFO][poi_log][crawl_baidu_raw_data][gross baidu poi data : 7711]
[2017-09-04 18:40:19,725][INFO][poi_log][crawl_baidu_raw_data][city : 长沙 ][gross baidu poi data : 7709]
[2017-09-04 18:41:29,805][INFO][poi_log][crawl_baidu_raw_data][city : 重庆 ][gross baidu poi data : 6259]
[2017-09-04 18:41:43,457][INFO][poi_log][crawl_baidu_raw_data][city : 北京 ][gross baidu poi data : 8020]
[2017-09-04 18:42:04,010][INFO][poi_log][crawl_baidu_raw_data][city : 上海 ][gross baidu poi data : 12120]
[2017-09-04 18:42:21,682][INFO][poi_log][crawl_baidu_raw_data][city : 广州 ][gross baidu poi data : 10309]
[2017-09-04 18:42:34,453][INFO][poi_log][crawl_baidu_raw_data][city : 深圳 ][gross baidu poi data : 7646]
[2017-09-04 18:42:47,823][INFO][poi_log][crawl_baidu_raw_data][city : 天津 ][gross baidu poi data : 7371]
[2017-09-04 18:43:09,309][INFO][poi_log][crawl_baidu_raw_data][city : 成都 ][gross baidu poi data : 13218]
[2017-09-04 18:43:22,577][INFO][poi_log][crawl_baidu_raw_data][city : 长沙 ][gross baidu poi data : 7708]
[2017-09-04 18:43:42,760][INFO][poi_log][crawl_baidu_raw_data][city : 南京 ][gross baidu poi data : 10821]
[2017-09-04 18:44:01,923][INFO][poi_log][crawl_baidu_raw_data][city : 杭州 ][gross baidu poi data : 3476]
[2017-09-04 18:48:28,093][INFO][poi_log][crawl_lianjia_second_hand_community_raw_data][city : 重庆 ][gross lianjia second hand data : 204]
[2017-09-04 18:48:29,828][INFO][poi_log][crawl_lianjia_new_community_raw_data][city : 重庆 ][gross lianjia new community data : 722]
[2017-09-04 18:48:34,008][INFO][poi_log][crawl_lianjia_second_hand_community_raw_data][city : 北京 ][gross lianjia second hand data : 80]
[2017-09-04 18:48:34,836][INFO][poi_log][crawl_lianjia_new_community_raw_data][city : 北京 ][gross lianjia new community data : 305]
[2017-09-04 18:48:35,854][INFO][poi_log][crawl_lianjia_second_hand_community_raw_data][city : 上海 ][gross lianjia second hand data : 491]
[2017-09-04 18:48:36,323][INFO][poi_log][crawl_lianjia_new_community_raw_data][city : 上海 ][gross lianjia new community data : 345]
[2017-09-04 18:48:41,473][INFO][poi_log][crawl_lianjia_second_hand_community_raw_data][city : 广州 ][gross lianjia second hand data : 556]
[2017-09-04 18:48:43,757][INFO][poi_log][crawl_lianjia_new_community_raw_data][city : 广州 ][gross lianjia new community data : 637]
[2017-09-04 18:48:50,679][INFO][poi_log][crawl_lianjia_second_hand_community_raw_data][city : 深圳 ][gross lianjia second hand data : 172]
[2017-09-04 18:48:52,248][INFO][poi_log][crawl_lianjia_new_community_raw_data][city : 深圳 ][gross lianjia new community data : 638]
[2017-09-04 18:48:57,976][INFO][poi_log][crawl_lianjia_second_hand_community_raw_data][city : 天津 ][gross lianjia second hand data : 549]
[2017-09-04 18:49:01,995][INFO][poi_log][crawl_lianjia_new_community_raw_data][city : 天津 ][gross lianjia new community data : 402]
[2017-09-04 18:49:07,539][INFO][poi_log][crawl_lianjia_second_hand_community_raw_data][city : 成都 ][gross lianjia second hand data : 574]
[2017-09-04 18:49:10,182][INFO][poi_log][crawl_lianjia_new_community_raw_data][city : 成都 ][gross lianjia new community data : 816]
[2017-09-04 18:49:16,380][INFO][poi_log][crawl_lianjia_second_hand_community_raw_data][city : 长沙 ][gross lianjia second hand data : 74]
[2017-09-04 18:49:17,967][INFO][poi_log][crawl_lianjia_new_community_raw_data][city : 长沙 ][gross lianjia new community data : 316]
[2017-09-04 18:49:28,726][INFO][poi_log][crawl_lianjia_second_hand_community_raw_data][city : 南京 ][gross lianjia second hand data : 564]
[2017-09-04 18:49:30,182][INFO][poi_log][crawl_lianjia_new_community_raw_data][city : 南京 ][gross lianjia new community data : 330]
[2017-09-04 18:49:37,253][INFO][poi_log][crawl_lianjia_second_hand_community_raw_data][city : 杭州 ][gross lianjia second hand data : 116]
[2017-09-04 18:49:38,054][INFO][poi_log][crawl_lianjia_new_community_raw_data][city : 杭州 ][gross lianjia new community data : 346]
[2017-09-04 18:54:45,026][INFO][poi_log][crawl_fangtianxia_parcel_raw_data][city : 重庆 ][gross anjuke new community data : 1020]
[2017-09-04 18:55:55,664][INFO][poi_log][crawl_fangtianxia_parcel_raw_data][city : 北京 ][gross anjuke new community data : 1020]
[2017-09-04 18:56:04,092][INFO][poi_log][crawl_fangtianxia_parcel_raw_data][city : 上海 ][gross anjuke new community data : 102]
[2017-09-04 18:57:10,663][INFO][poi_log][crawl_fangtianxia_parcel_raw_data][city : 广州 ][gross anjuke new community data : 1020]
[2017-09-04 18:58:15,302][INFO][poi_log][crawl_fangtianxia_parcel_raw_data][city : 深圳 ][gross anjuke new community data : 1020]
[2017-09-04 18:58:37,263][INFO][poi_log][crawl_fangtianxia_parcel_raw_data][city : 天津 ][gross anjuke new community data : 358]
[2017-09-04 18:59:46,189][INFO][poi_log][crawl_fangtianxia_parcel_raw_data][city : 成都 ][gross anjuke new community data : 1020]
[2017-09-04 19:00:58,275][INFO][poi_log][crawl_fangtianxia_parcel_raw_data][city : 长沙 ][gross anjuke new community data : 1020]
[2017-09-04 19:02:05,342][INFO][poi_log][crawl_fangtianxia_parcel_raw_data][city : 南京 ][gross anjuke new community data : 1020]
[2017-09-04 19:03:18,164][INFO][poi_log][crawl_fangtianxia_parcel_raw_data][city : 杭州 ][gross anjuke new community data : 1020]
[2017-09-04 19:32:09,513][INFO][poi_log][crawl_anjuke_second_hand_community_raw_data][city : 重庆 ][gross anjuke second hand data : 349]
[2017-09-04 19:32:10,807][INFO][poi_log][crawl_anjuke_new_community_raw_data][city : 重庆 ][gross anjuke new community data : 54]
[2017-09-04 19:32:12,422][INFO][poi_log][crawl_anjuke_second_hand_community_raw_data][city : 北京 ][gross anjuke second hand data : 282]
[2017-09-04 19:32:13,759][INFO][poi_log][crawl_anjuke_new_community_raw_data][city : 北京 ][gross anjuke new community data : 6]
[2017-09-04 19:32:15,728][INFO][poi_log][crawl_anjuke_second_hand_community_raw_data][city : 上海 ][gross anjuke second hand data : 1017]
[2017-09-04 19:32:25,810][INFO][poi_log][crawl_anjuke_new_community_raw_data][city : 上海 ][gross anjuke new community data : 27]
[2017-09-04 19:32:29,861][INFO][poi_log][crawl_anjuke_second_hand_community_raw_data][city : 广州 ][gross anjuke second hand data : 1083]
[2017-09-04 19:32:31,241][INFO][poi_log][crawl_anjuke_new_community_raw_data][city : 广州 ][gross anjuke new community data : 52]
[2017-09-04 19:32:32,923][INFO][poi_log][crawl_anjuke_second_hand_community_raw_data][city : 深圳 ][gross anjuke second hand data : 248]
[2017-09-04 19:32:38,989][INFO][poi_log][crawl_anjuke_new_community_raw_data][city : 深圳 ][gross anjuke new community data : 14]
[2017-09-04 19:32:41,160][INFO][poi_log][crawl_anjuke_second_hand_community_raw_data][city : 天津 ][gross anjuke second hand data : 570]
[2017-09-04 19:32:42,531][INFO][poi_log][crawl_anjuke_new_community_raw_data][city : 天津 ][gross anjuke new community data : 68]
[2017-09-04 19:32:44,131][INFO][poi_log][crawl_anjuke_second_hand_community_raw_data][city : 成都 ][gross anjuke second hand data : 741]
[2017-09-04 19:32:45,686][INFO][poi_log][crawl_anjuke_new_community_raw_data][city : 成都 ][gross anjuke new community data : 35]
[2017-09-04 19:32:48,580][INFO][poi_log][crawl_anjuke_second_hand_community_raw_data][city : 长沙 ][gross anjuke second hand data : 459]
[2017-09-04 19:32:52,885][INFO][poi_log][crawl_anjuke_new_community_raw_data][city : 长沙 ][gross anjuke new community data : 90]
[2017-09-04 19:32:54,889][INFO][poi_log][crawl_anjuke_second_hand_community_raw_data][city : 南京 ][gross anjuke second hand data : 816]
[2017-09-04 19:32:56,133][INFO][poi_log][crawl_anjuke_new_community_raw_data][city : 南京 ][gross anjuke new community data : 26]
[2017-09-04 19:32:57,631][INFO][poi_log][crawl_anjuke_second_hand_community_raw_data][city : 杭州 ][gross anjuke second hand data : 202]
[2017-09-04 19:32:59,036][INFO][poi_log][crawl_anjuke_new_community_raw_data][city : 杭州 ][gross anjuke new community data : 38]
